[01m[K/home/hj/iiwa_stack_ws/src/iiwa_stack_examples/iiwa_tool_examples/src/setting_control_mode.cpp:1:10:[m[K [01;31m[Kfatal error: [m[Kiiwa_ros.h: No such file or directory
 #include [01;31m[K<iiwa_ros.h>[m[K
          [01;31m[K^~~~~~~~~~~~[m[K
compilation terminated.
make[2]: *** [CMakeFiles/setting_control_mode.dir/src/setting_control_mode.cpp.o] Error 1
make[1]: *** [CMakeFiles/setting_control_mode.dir/all] Error 2
make[1]: *** Waiting for unfinished jobs....
[01m[K/home/hj/iiwa_stack_ws/src/iiwa_stack_examples/iiwa_tool_examples/src/command_robot.cpp:1:10:[m[K [01;31m[Kfatal error: [m[Kiiwa_ros.h: No such file or directory
 #include [01;31m[K<iiwa_ros.h>[m[K
          [01;31m[K^~~~~~~~~~~~[m[K
compilation terminated.
make[2]: *** [CMakeFiles/command_robot.dir/src/command_robot.cpp.o] Error 1
make[1]: *** [CMakeFiles/command_robot.dir/all] Error 2
[01m[K/home/hj/iiwa_stack_ws/src/iiwa_stack_examples/iiwa_tool_examples/src/command_robot_moveit.cpp:2:10:[m[K [01;31m[Kfatal error: [m[Kiiwa_ros.h: No such file or directory
 #include [01;31m[K<iiwa_ros.h>[m[K
          [01;31m[K^~~~~~~~~~~~[m[K
compilation terminated.
make[2]: *** [CMakeFiles/command_robot_moveit.dir/src/command_robot_moveit.cpp.o] Error 1
make[1]: *** [CMakeFiles/command_robot_moveit.dir/all] Error 2
make: *** [all] Error 2
