[01m[K/home/hj/iiwa_stack_ws/src/iiwa_stack_examples/iiwa_tool_examples/src/rcvMappingData.cpp:[m[K In function ‘[01m[Kint main(int, char**)[m[K’:
[01m[K/home/hj/iiwa_stack_ws/src/iiwa_stack_examples/iiwa_tool_examples/src/rcvMappingData.cpp:87:29:[m[K [01;31m[Kerror: [m[Kinvalid conversion from ‘[01m[Kunsigned char*[m[K’ to ‘[01m[Kchar*[m[K’ [[01;31m[K-fpermissive[m[K]
  datasize = ReadInt (message[01;31m[K)[m[K;
                             [01;31m[K^[m[K
[01m[K/home/hj/iiwa_stack_ws/src/iiwa_stack_examples/iiwa_tool_examples/src/rcvMappingData.cpp:11:5:[m[K [01;36m[Knote: [m[K  initializing argument 1 of ‘[01m[Kint ReadInt(char*)[m[K’
 int [01;36m[KReadInt[m[K (char * message);
     [01;36m[K^~~~~~~[m[K
make[2]: *** [CMakeFiles/rcvMappingData.dir/src/rcvMappingData.cpp.o] Error 1
make[1]: *** [CMakeFiles/rcvMappingData.dir/all] Error 2
make[1]: *** Waiting for unfinished jobs....
[01m[K/home/hj/iiwa_stack_ws/src/iiwa_stack_examples/iiwa_tool_examples/src/rcvMoveCommand.cpp:2:10:[m[K [01;31m[Kfatal error: [m[K/opt/ros/indigo/include/geometry_msgs/Pose.h: No such file or directory
 #include [01;31m[K</opt/ros/indigo/include/geometry_msgs/Pose.h>[m[K
          [01;31m[K^~~~~~~~~~~~~~~~~~~~~~~~~~~~~~~~~~~~~~~~~~~~~~[m[K
compilation terminated.
make[2]: *** [CMakeFiles/rcvMoveCommand.dir/src/rcvMoveCommand.cpp.o] Error 1
make[1]: *** [CMakeFiles/rcvMoveCommand.dir/all] Error 2
[01m[K/home/hj/iiwa_stack_ws/src/iiwa_stack_examples/iiwa_tool_examples/src/rcvNewPose.cpp:2:10:[m[K [01;31m[Kfatal error: [m[K/opt/ros/indigo/include/geometry_msgs/Pose.h: No such file or directory
 #include [01;31m[K</opt/ros/indigo/include/geometry_msgs/Pose.h>[m[K
          [01;31m[K^~~~~~~~~~~~~~~~~~~~~~~~~~~~~~~~~~~~~~~~~~~~~~[m[K
compilation terminated.
make[2]: *** [CMakeFiles/rcvNewPose.dir/src/rcvNewPose.cpp.o] Error 1
make[1]: *** [CMakeFiles/rcvNewPose.dir/all] Error 2
[01m[K/home/hj/iiwa_stack_ws/src/iiwa_stack_examples/iiwa_tool_examples/src/rcvARPose.cpp:2:10:[m[K [01;31m[Kfatal error: [m[K/opt/ros/indigo/include/geometry_msgs/Pose.h: No such file or directory
 #include [01;31m[K</opt/ros/indigo/include/geometry_msgs/Pose.h>[m[K
          [01;31m[K^~~~~~~~~~~~~~~~~~~~~~~~~~~~~~~~~~~~~~~~~~~~~~[m[K
compilation terminated.
make[2]: *** [CMakeFiles/rcvARPose.dir/src/rcvARPose.cpp.o] Error 1
make[1]: *** [CMakeFiles/rcvARPose.dir/all] Error 2
make: *** [all] Error 2
