[01m[K/home/hj/iiwa_stack_ws/src/iiwa_stack_examples/iiwa_tool_examples/src/command_robot_moveit.cpp:[m[K In function ‘[01m[Kint main(int, char**)[m[K’:
[01m[K/home/hj/iiwa_stack_ws/src/iiwa_stack_examples/iiwa_tool_examples/src/command_robot_moveit.cpp:279:44:[m[K [01;31m[Kerror: [m[K‘[01m[Kmove_group[m[K’ was not declared in this scope
                                 success = ([01;31m[Kmove_group[m[K.plan(my_plan) == moveit::planning_interface::MoveItErrorCode::SUCCESS);
                                            [01;31m[K^~~~~~~~~~[m[K
[01m[K/home/hj/iiwa_stack_ws/src/iiwa_stack_examples/iiwa_tool_examples/src/command_robot_moveit.cpp:279:44:[m[K [01;36m[Knote: [m[Ksuggested alternative: ‘[01m[Kgroup[m[K’
                                 success = ([01;36m[Kmove_group[m[K.plan(my_plan) == moveit::planning_interface::MoveItErrorCode::SUCCESS);
                                            [01;36m[K^~~~~~~~~~[m[K
                                            [32m[Kgroup[m[K
[01m[K/home/hj/iiwa_stack_ws/src/iiwa_stack_examples/iiwa_tool_examples/src/command_robot_moveit.cpp:279:60:[m[K [01;31m[Kerror: [m[K‘[01m[Kmy_plan[m[K’ was not declared in this scope
                                 success = (move_group.plan([01;31m[Kmy_plan[m[K) == moveit::planning_interface::MoveItErrorCode::SUCCESS);
                                                            [01;31m[K^~~~~~~[m[K
[01m[K/home/hj/iiwa_stack_ws/src/iiwa_stack_examples/iiwa_tool_examples/src/command_robot_moveit.cpp:279:60:[m[K [01;36m[Knote: [m[Ksuggested alternative: ‘[01m[Kmyplan[m[K’
                                 success = (move_group.plan([01;36m[Kmy_plan[m[K) == moveit::planning_interface::MoveItErrorCode::SUCCESS);
                                                            [01;36m[K^~~~~~~[m[K
                                                            [32m[Kmyplan[m[K
[01m[K/home/hj/iiwa_stack_ws/src/iiwa_stack_examples/iiwa_tool_examples/src/command_robot_moveit.cpp:329:60:[m[K [01;31m[Kerror: [m[Kcannot convert ‘[01m[Kmoveit::planning_interface::MoveItErrorCode[m[K’ to ‘[01m[Kbool[m[K’ in assignment
                                 success = group.plan(myplan[01;31m[K)[m[K;
                                                            [01;31m[K^[m[K
[01m[K/home/hj/iiwa_stack_ws/src/iiwa_stack_examples/iiwa_tool_examples/src/command_robot_moveit.cpp:451:68:[m[K [01;31m[Kerror: [m[Kcannot convert ‘[01m[Kmoveit::planning_interface::MoveItErrorCode[m[K’ to ‘[01m[Kbool[m[K’ in assignment
                                         success = group.plan(myplan[01;31m[K)[m[K;
                                                                    [01;31m[K^[m[K
make[2]: *** [CMakeFiles/command_robot_moveit.dir/src/command_robot_moveit.cpp.o] Error 1
make[1]: *** [CMakeFiles/command_robot_moveit.dir/all] Error 2
make: *** [all] Error 2
